<?xml version="1.0" encoding="UTF-8"?>
<testng-results skipped="0" failed="0" ignored="0" total="1" passed="1">
  <reporter-output>
  </reporter-output>
  <suite name="Default suite" duration-ms="39644" started-at="2020-07-01T08:44:14Z" finished-at="2020-07-01T08:44:54Z">
    <groups>
    </groups>
    <test name="Default test" duration-ms="39644" started-at="2020-07-01T08:44:14Z" finished-at="2020-07-01T08:44:54Z">
      <class name="com.vtiger.testscripts.CampaignCreationMTest">
        <test-method status="PASS" signature="ConficBS()[pri:0, instance:com.vtiger.testscripts.CampaignCreationMTest@146ba0ac]" name="ConficBS" is-config="true" duration-ms="42" started-at="2020-07-01T08:44:14Z" finished-at="2020-07-01T08:44:14Z">
          <reporter-output>
          </reporter-output>
        </test-method> <!-- ConficBS -->
        <test-method status="PASS" signature="ConfigBC()[pri:0, instance:com.vtiger.testscripts.CampaignCreationMTest@146ba0ac]" name="ConfigBC" is-config="true" duration-ms="9896" started-at="2020-07-01T08:44:14Z" finished-at="2020-07-01T08:44:24Z">
          <reporter-output>
          </reporter-output>
        </test-method> <!-- ConfigBC -->
        <test-method status="PASS" signature="ConficBM()[pri:0, instance:com.vtiger.testscripts.CampaignCreationMTest@146ba0ac]" name="ConficBM" is-config="true" duration-ms="6827" started-at="2020-07-01T08:44:24Z" finished-at="2020-07-01T08:44:31Z">
          <reporter-output>
          </reporter-output>
        </test-method> <!-- ConficBM -->
        <test-method status="PASS" signature="createdCampaign()[pri:0, instance:com.vtiger.testscripts.CampaignCreationMTest@146ba0ac]" name="createdCampaign" duration-ms="18479" started-at="2020-07-01T08:44:31Z" finished-at="2020-07-01T08:44:49Z">
          <reporter-output>
          </reporter-output>
        </test-method> <!-- createdCampaign -->
        <test-method status="PASS" signature="ConficAM()[pri:0, instance:com.vtiger.testscripts.CampaignCreationMTest@146ba0ac]" name="ConficAM" is-config="true" duration-ms="3192" started-at="2020-07-01T08:44:49Z" finished-at="2020-07-01T08:44:52Z">
          <reporter-output>
          </reporter-output>
        </test-method> <!-- ConficAM -->
        <test-method status="PASS" signature="configAC()[pri:0, instance:com.vtiger.testscripts.CampaignCreationMTest@146ba0ac]" name="configAC" is-config="true" duration-ms="1198" started-at="2020-07-01T08:44:52Z" finished-at="2020-07-01T08:44:54Z">
          <reporter-output>
          </reporter-output>
        </test-method> <!-- configAC -->
        <test-method status="PASS" signature="configAS()[pri:0, instance:com.vtiger.testscripts.CampaignCreationMTest@146ba0ac]" name="configAS" is-config="true" duration-ms="1" started-at="2020-07-01T08:44:54Z" finished-at="2020-07-01T08:44:54Z">
          <reporter-output>
          </reporter-output>
        </test-method> <!-- configAS -->
      </class> <!-- com.vtiger.testscripts.CampaignCreationMTest -->
    </test> <!-- Default test -->
  </suite> <!-- Default suite -->
</testng-results>
