<?xml version="1.0" encoding="UTF-8"?>
<!-- Generated by org.testng.reporters.JUnitXMLReporter -->
<testsuite hostname="MahiEnu-PC" ignored="4" name="Test" tests="3" failures="0" timestamp="30 Jun 2020 17:20:09 GMT" time="93.781" errors="0">
  <testcase name="createdProducts" time="13.895" classname="com.vtiger.testscripts.ProductsCreationMTest"/>
  <testcase name="createdCampaign" time="13.912" classname="com.vtiger.testscripts.CampaignCreationMTest"/>
  <testcase name="createdLead" time="12.917" classname="com.vtiger.testscripts.LeadCreationMTest"/>
  <testcase name="@BeforeSuite ConficBS" time="0.0" classname="com.vtiger.genericlib.PrimaryClassM">
    <ignored/>
  </testcase> <!-- @BeforeSuite ConficBS -->
  <testcase name="@BeforeSuite ConficBS" time="0.0" classname="com.vtiger.genericlib.PrimaryClassM">
    <ignored/>
  </testcase> <!-- @BeforeSuite ConficBS -->
  <testcase name="@AfterSuite configAS" time="0.0" classname="com.vtiger.genericlib.PrimaryClassM">
    <ignored/>
  </testcase> <!-- @AfterSuite configAS -->
  <testcase name="@AfterSuite configAS" time="0.0" classname="com.vtiger.genericlib.PrimaryClassM">
    <ignored/>
  </testcase> <!-- @AfterSuite configAS -->
</testsuite> <!-- Test -->
